Using pre-set license
Built from '2022.3/staging' branch; Version is '2022.3.13f1 (5f90a5ebde0f) revision 6262949'; Using compiler version '192829333'; Build Type 'Release'
OS: 'Windows 10  (10.0.19045) 64bit CoreSingleLanguage' Language: 'ru' Physical Memory: 16122 MB
BatchMode: 1, IsHumanControllingUs: 0, StartBugReporterOnCrash: 0, Is64bit: 1, IsPro: 1

COMMAND LINE ARGUMENTS:
C:\Program Files\Unity\Hub\Editor\2022.3.13f1\Editor\Unity.exe
-adb2
-batchMode
-noUpm
-name
AssetImportWorker3
-projectPath
C:/Users/agent/DIP/Traffic_Sys/Traffic_Sys
-logFile
Logs/AssetImportWorker3.log
-srvPort
57093
Successfully changed project path to: C:/Users/agent/DIP/Traffic_Sys/Traffic_Sys
C:/Users/agent/DIP/Traffic_Sys/Traffic_Sys
[UnityMemory] Configuration Parameters - Can be set up in boot.config
    "memorysetup-bucket-allocator-granularity=16"
    "memorysetup-bucket-allocator-bucket-count=8"
    "memorysetup-bucket-allocator-block-size=33554432"
    "memorysetup-bucket-allocator-block-count=8"
    "memorysetup-main-allocator-block-size=16777216"
    "memorysetup-thread-allocator-block-size=16777216"
    "memorysetup-gfx-main-allocator-block-size=16777216"
    "memorysetup-gfx-thread-allocator-block-size=16777216"
    "memorysetup-cache-allocator-block-size=4194304"
    "memorysetup-typetree-allocator-block-size=2097152"
    "memorysetup-profiler-bucket-allocator-granularity=16"
    "memorysetup-profiler-bucket-allocator-bucket-count=8"
    "memorysetup-profiler-bucket-allocator-block-size=33554432"
    "memorysetup-profiler-bucket-allocator-block-count=8"
    "memorysetup-profiler-allocator-block-size=16777216"
    "memorysetup-profiler-editor-allocator-block-size=1048576"
    "memorysetup-temp-allocator-size-main=16777216"
    "memorysetup-job-temp-allocator-block-size=2097152"
    "memorysetup-job-temp-allocator-block-size-background=1048576"
    "memorysetup-job-temp-allocator-reduction-small-platforms=262144"
    "memorysetup-allocator-temp-initial-block-size-main=262144"
    "memorysetup-allocator-temp-initial-block-size-worker=262144"
    "memorysetup-temp-allocator-size-background-worker=32768"
    "memorysetup-temp-allocator-size-job-worker=262144"
    "memorysetup-temp-allocator-size-preload-manager=33554432"
    "memorysetup-temp-allocator-size-nav-mesh-worker=65536"
    "memorysetup-temp-allocator-size-audio-worker=65536"
    "memorysetup-temp-allocator-size-cloud-worker=32768"
    "memorysetup-temp-allocator-size-gi-baking-worker=262144"
    "memorysetup-temp-allocator-size-gfx=262144"
Player connection [29556] Host "[IP] 192.168.198.1 [Port] 0 [Flags] 2 [Guid] 3806023621 [EditorId] 3806023621 [Version] 1048832 [Id] WindowsEditor(7,LAPTOP-CR9NR8OC) [Debug] 1 [PackageName] WindowsEditor [ProjectName] Editor" joined multi-casting on [225.0.0.222:54997]...

Player connection [29556] Host "[IP] 192.168.198.1 [Port] 0 [Flags] 2 [Guid] 3806023621 [EditorId] 3806023621 [Version] 1048832 [Id] WindowsEditor(7,LAPTOP-CR9NR8OC) [Debug] 1 [PackageName] WindowsEditor [ProjectName] Editor" joined alternative multi-casting on [225.0.0.222:34997]...

[Physics::Module] Initialized MultithreadedJobDispatcher with 11 workers.
Refreshing native plugins compatible for Editor in 13.19 ms, found 3 plugins.
Preloading 0 native plugins for Editor in 0.00 ms.
Initialize engine version: 2022.3.13f1 (5f90a5ebde0f)
[Subsystems] Discovering subsystems at path C:/Program Files/Unity/Hub/Editor/2022.3.13f1/Editor/Data/Resources/UnitySubsystems
[Subsystems] Discovering subsystems at path C:/Users/agent/DIP/Traffic_Sys/Traffic_Sys/Assets
GfxDevice: creating device client; threaded=0; jobified=0
Direct3D:
    Version:  Direct3D 11.0 [level 11.1]
    Renderer: NVIDIA GeForce RTX 3050 Ti Laptop GPU (ID=0x25a0)
    Vendor:   NVIDIA
    VRAM:     3976 MB
    Driver:   31.0.15.3667
Initialize mono
Mono path[0] = 'C:/Program Files/Unity/Hub/Editor/2022.3.13f1/Editor/Data/Managed'
Mono path[1] = 'C:/Program Files/Unity/Hub/Editor/2022.3.13f1/Editor/Data/MonoBleedingEdge/lib/mono/unityjit-win32'
Mono config path = 'C:/Program Files/Unity/Hub/Editor/2022.3.13f1/Editor/Data/MonoBleedingEdge/etc'
Using monoOptions --debugger-agent=transport=dt_socket,embedding=1,server=y,suspend=n,address=127.0.0.1:56160
Begin MonoManager ReloadAssembly
Registering precompiled unity dll's ...
Register platform support module: C:/Program Files/Unity/Hub/Editor/2022.3.13f1/Editor/Data/PlaybackEngines/WebGLSupport/UnityEditor.WebGL.Extensions.dll
Register platform support module: C:/Program Files/Unity/Hub/Editor/2022.3.13f1/Editor/Data/PlaybackEngines/WindowsStandaloneSupport/UnityEditor.WindowsStandalone.Extensions.dll
Registered in 0.009622 seconds.
- Loaded All Assemblies, in  0.304 seconds
Native extension for WindowsStandalone target not found
Native extension for WebGL target not found
Mono: successfully reloaded assembly
- Finished resetting the current domain, in  0.210 seconds
Domain Reload Profiling: 513ms
	BeginReloadAssembly (91ms)
		ExecutionOrderSort (0ms)
		DisableScriptedObjects (0ms)
		BackupInstance (0ms)
		ReleaseScriptingObjects (0ms)
		CreateAndSetChildDomain (1ms)
	RebuildCommonClasses (28ms)
	RebuildNativeTypeToScriptingClass (9ms)
	initialDomainReloadingComplete (53ms)
	LoadAllAssembliesAndSetupDomain (121ms)
		LoadAssemblies (89ms)
		RebuildTransferFunctionScriptingTraits (0ms)
		AnalyzeDomain (119ms)
			TypeCache.Refresh (118ms)
				TypeCache.ScanAssembly (105ms)
			ScanForSourceGeneratedMonoScriptInfo (0ms)
			ResolveRequiredComponents (0ms)
	FinalizeReload (210ms)
		ReleaseScriptCaches (0ms)
		RebuildScriptCaches (0ms)
		SetupLoadedEditorAssemblies (165ms)
			LogAssemblyErrors (0ms)
			InitializePlatformSupportModulesInManaged (10ms)
			SetLoadedEditorAssemblies (4ms)
			RefreshPlugins (0ms)
			BeforeProcessingInitializeOnLoad (2ms)
			ProcessInitializeOnLoadAttributes (112ms)
			ProcessInitializeOnLoadMethodAttributes (38ms)
			AfterProcessingInitializeOnLoad (0ms)
			EditorAssembliesLoaded (0ms)
		ExecutionOrderSort2 (0ms)
		AwakeInstancesAfterBackupRestoration (0ms)
========================================================================
Worker process is ready to serve import requests
Begin MonoManager ReloadAssembly
- Loaded All Assemblies, in  0.557 seconds
Refreshing native plugins compatible for Editor in 3.74 ms, found 3 plugins.
Native extension for WindowsStandalone target not found
Native extension for WebGL target not found
Package Manager log level set to [2]
[Package Manager] Server::EnsureServerProcessIsRunning -- launch failed, reason: Unity was launched with the -noUpm command-line argument
[Package Manager] UpmClient::Send -- Unable to send message (not connected to UPM process).
[Package Manager] Cannot connect to Unity Package Manager local server
Mono: successfully reloaded assembly
- Finished resetting the current domain, in  0.646 seconds
Domain Reload Profiling: 1200ms
	BeginReloadAssembly (124ms)
		ExecutionOrderSort (0ms)
		DisableScriptedObjects (4ms)
		BackupInstance (0ms)
		ReleaseScriptingObjects (0ms)
		CreateAndSetChildDomain (19ms)
	RebuildCommonClasses (29ms)
	RebuildNativeTypeToScriptingClass (9ms)
	initialDomainReloadingComplete (37ms)
	LoadAllAssembliesAndSetupDomain (355ms)
		LoadAssemblies (267ms)
		RebuildTransferFunctionScriptingTraits (0ms)
		AnalyzeDomain (160ms)
			TypeCache.Refresh (135ms)
				TypeCache.ScanAssembly (120ms)
			ScanForSourceGeneratedMonoScriptInfo (16ms)
			ResolveRequiredComponents (7ms)
	FinalizeReload (646ms)
		ReleaseScriptCaches (0ms)
		RebuildScriptCaches (0ms)
		SetupLoadedEditorAssemblies (517ms)
			LogAssemblyErrors (0ms)
			InitializePlatformSupportModulesInManaged (7ms)
			SetLoadedEditorAssemblies (2ms)
			RefreshPlugins (0ms)
			BeforeProcessingInitializeOnLoad (61ms)
			ProcessInitializeOnLoadAttributes (394ms)
			ProcessInitializeOnLoadMethodAttributes (45ms)
			AfterProcessingInitializeOnLoad (7ms)
			EditorAssembliesLoaded (0ms)
		ExecutionOrderSort2 (0ms)
		AwakeInstancesAfterBackupRestoration (6ms)
Launched and connected shader compiler UnityShaderCompiler.exe after 0.04 seconds
Refreshing native plugins compatible for Editor in 3.64 ms, found 3 plugins.
Preloading 0 native plugins for Editor in 0.00 ms.
Unloading 4914 Unused Serialized files (Serialized files now loaded: 0)
Unloading 75 unused Assets / (0.8 MB). Loaded Objects now: 5360.
Memory consumption went from 200.6 MB to 199.9 MB.
Total: 4.123100 ms (FindLiveObjects: 0.353700 ms CreateObjectMapping: 0.180700 ms MarkObjects: 3.252300 ms  DeleteObjects: 0.335200 ms)

AssetImportParameters requested are different than current active one (requested -> active):
  custom:container-demuxer-ogg: 62fdf1f143b41e24485cea50d1cbac27 -> 
  custom:video-codec-MediaFoundation-h265: 746d11721c4dcdbdad8f713fa42b33f4 -> 
  custom:video-decoder-ogg-theora: a1e56fd34408186e4bbccfd4996cb3dc -> 
  custom:framework-win-MediaFoundation: 216162199b28c13a410421893ffa2e32 -> 
  custom:CustomObjectIndexerAttribute: a3ef5dd2817f97addfee359851a9dba5 -> 
  custom:scripting/monoscript/fileName/Readme.cs: 5aedf578fb2663036982fb7b05aaf325 -> 
  custom:container-demuxer-webm: 4f35f7cbe854078d1ac9338744f61a02 -> 
  custom:container-muxer-webm: aa71ff27fc2769a1b78a27578f13a17b -> 
  custom:scripting/monoscript/fileName/ReadmeEditor.cs: ff7ced1e41c1b99ddf5dfefc88f6bd50 -> 
  custom:video-decoder-webm-vp8: 9c59270c3fd7afecdb556c50c9e8de78 -> 
  custom:SearchIndexIgnoredProperties: e643bd26f0fe6173181afceb89e7c659 -> 
  custom:AudioImporter_EditorPlatform: d09bf68614088b80899f8185d706f6e7 -> 
  custom:video-encoder-webm-vp8: eb34c28f22e8b96e1ab97ce403110664 -> 
  custom:audio-decoder-ogg-vorbis: bf7c407c2cedff20999df2af8eb42d56 -> 
  custom:audio-encoder-webm-vorbis: bf7c407c2cedff20999df2af8eb42d56 -> 
========================================================================
Received Import Request.
  Time since last request: 108121.513804 seconds.
  path: Assets/Materials/Brown.mat
  artifactKey: Guid(40daec3e344828c41930b47a2a5db477) Importer(815301076,1909f56bfc062723c751e8b465ee728b)
Start importing Assets/Materials/Brown.mat using Guid(40daec3e344828c41930b47a2a5db477) Importer(815301076,1909f56bfc062723c751e8b465ee728b)  -> (artifact id: 'ee4051422c3d1a5afe90eae1c9a27af5') in 1.275943 seconds
Number of updated asset objects reloaded before import = 0
Number of asset objects unloaded after import = 3
========================================================================
Received Import Request.
  Time since last request: 0.000039 seconds.
  path: Assets/Materials/LightGreen.mat
  artifactKey: Guid(e84c7092fd904b74d9ebb28d6bf1e908) Importer(815301076,1909f56bfc062723c751e8b465ee728b)
Start importing Assets/Materials/LightGreen.mat using Guid(e84c7092fd904b74d9ebb28d6bf1e908) Importer(815301076,1909f56bfc062723c751e8b465ee728b)  -> (artifact id: 'eb77dbd9f355216c0ed31f5ce8379739') in 0.876609 seconds
Number of updated asset objects reloaded before import = 0
Number of asset objects unloaded after import = 2
========================================================================
Received Import Request.
  Time since last request: 0.000072 seconds.
  path: Assets/Materials/HouseTexture3.png
  artifactKey: Guid(e4323ef4ba4291b45b059ce272f9205c) Importer(815301076,1909f56bfc062723c751e8b465ee728b)
Start importing Assets/Materials/HouseTexture3.png using Guid(e4323ef4ba4291b45b059ce272f9205c) Importer(815301076,1909f56bfc062723c751e8b465ee728b)  -> (artifact id: '85ef5bf06a4bb9030a80a3ff554123ba') in 0.029247 seconds
Number of updated asset objects reloaded before import = 0
Number of asset objects unloaded after import = 2
========================================================================
Received Import Request.
  Time since last request: 0.000043 seconds.
  path: Assets/Materials/Green.mat
  artifactKey: Guid(5b74a6bdc3c6c5f47ab79a6a97b03ddb) Importer(815301076,1909f56bfc062723c751e8b465ee728b)
Start importing Assets/Materials/Green.mat using Guid(5b74a6bdc3c6c5f47ab79a6a97b03ddb) Importer(815301076,1909f56bfc062723c751e8b465ee728b)  -> (artifact id: 'e6082f4db29ddf91a367e2f36c3bce86') in 0.021628 seconds
Number of updated asset objects reloaded before import = 0
Number of asset objects unloaded after import = 2
========================================================================
Received Import Request.
  Time since last request: 0.000023 seconds.
  path: Assets/Materials/grid_texture.png
  artifactKey: Guid(600a898dec7218443ad2a01982e906cb) Importer(815301076,1909f56bfc062723c751e8b465ee728b)
Start importing Assets/Materials/grid_texture.png using Guid(600a898dec7218443ad2a01982e906cb) Importer(815301076,1909f56bfc062723c751e8b465ee728b)  -> (artifact id: '58b8975d81cdc9b92d6ad0e3aa76fca4') in 0.021632 seconds
Number of updated asset objects reloaded before import = 0
Number of asset objects unloaded after import = 2
========================================================================
Received Import Request.
  Time since last request: 0.000031 seconds.
  path: Assets/Materials/Ground.mat
  artifactKey: Guid(6f8470dab5235bc4eb295e8be7565444) Importer(815301076,1909f56bfc062723c751e8b465ee728b)
Start importing Assets/Materials/Ground.mat using Guid(6f8470dab5235bc4eb295e8be7565444) Importer(815301076,1909f56bfc062723c751e8b465ee728b)  -> (artifact id: '962f6a94076dc17f89c393b0f675b1f1') in 0.020574 seconds
Number of updated asset objects reloaded before import = 0
Number of asset objects unloaded after import = 3
========================================================================
Received Import Request.
  Time since last request: 0.000023 seconds.
  path: Assets/Materials/HotelMaterial.mat
  artifactKey: Guid(98897235245c86745b463b5165df313c) Importer(815301076,1909f56bfc062723c751e8b465ee728b)
Start importing Assets/Materials/HotelMaterial.mat using Guid(98897235245c86745b463b5165df313c) Importer(815301076,1909f56bfc062723c751e8b465ee728b)  -> (artifact id: '05799e91f042812342fd0f320d886a31') in 0.997752 seconds
Number of updated asset objects reloaded before import = 0
Number of asset objects unloaded after import = 3
========================================================================
Received Import Request.
  Time since last request: 0.000033 seconds.
  path: Assets/Materials/Skybox_Mat.mat
  artifactKey: Guid(0ffaa0b7117ba8c47a9d05ae701d4b4d) Importer(815301076,1909f56bfc062723c751e8b465ee728b)
Start importing Assets/Materials/Skybox_Mat.mat using Guid(0ffaa0b7117ba8c47a9d05ae701d4b4d) Importer(815301076,1909f56bfc062723c751e8b465ee728b)  -> (artifact id: '2e94a85d1b40449e2764fe8cbd63ef31') in 0.107818 seconds
Number of updated asset objects reloaded before import = 0
Number of asset objects unloaded after import = 2
========================================================================
Received Import Request.
  Time since last request: 0.000052 seconds.
  path: Assets/Materials/LightBrown.mat
  artifactKey: Guid(872cfc79b6d415940a144cb4c635257b) Importer(815301076,1909f56bfc062723c751e8b465ee728b)
Start importing Assets/Materials/LightBrown.mat using Guid(872cfc79b6d415940a144cb4c635257b) Importer(815301076,1909f56bfc062723c751e8b465ee728b)  -> (artifact id: 'fe78cff687981db9850b31d5aa7c805f') in 0.024869 seconds
Number of updated asset objects reloaded before import = 0
Number of asset objects unloaded after import = 2
========================================================================
Received Import Request.
  Time since last request: 0.000023 seconds.
  path: Assets/Materials/DarkBrown.mat
  artifactKey: Guid(83a69960f0a4e6f429bc12bd673e0fbc) Importer(815301076,1909f56bfc062723c751e8b465ee728b)
Start importing Assets/Materials/DarkBrown.mat using Guid(83a69960f0a4e6f429bc12bd673e0fbc) Importer(815301076,1909f56bfc062723c751e8b465ee728b)  -> (artifact id: '2cb11bad62ecd52c4a9a043271529c84') in 0.020282 seconds
Number of updated asset objects reloaded before import = 0
Number of asset objects unloaded after import = 2
========================================================================
Received Import Request.
  Time since last request: 0.000021 seconds.
  path: Assets/Materials/grass.png
  artifactKey: Guid(b40ea38a1e512f64eb8209b512d6e6cf) Importer(815301076,1909f56bfc062723c751e8b465ee728b)
Start importing Assets/Materials/grass.png using Guid(b40ea38a1e512f64eb8209b512d6e6cf) Importer(815301076,1909f56bfc062723c751e8b465ee728b)  -> (artifact id: '2755d26f725b034994314609abd070d7') in 0.031995 seconds
Number of updated asset objects reloaded before import = 0
Number of asset objects unloaded after import = 2
========================================================================
Received Import Request.
  Time since last request: 0.000027 seconds.
  path: Assets/Materials/Material.mat
  artifactKey: Guid(2dcf9129fcc69904b8812818e06ef636) Importer(815301076,1909f56bfc062723c751e8b465ee728b)
Start importing Assets/Materials/Material.mat using Guid(2dcf9129fcc69904b8812818e06ef636) Importer(815301076,1909f56bfc062723c751e8b465ee728b)  -> (artifact id: 'dad24d6fef773e933f362b461b9f6b0c') in 0.022548 seconds
Number of updated asset objects reloaded before import = 0
Number of asset objects unloaded after import = 2
========================================================================
Received Import Request.
  Time since last request: 0.000033 seconds.
  path: Assets/Materials/Grass.mat
  artifactKey: Guid(0e0bb72ca40607e4c8c09cbc92afd37f) Importer(815301076,1909f56bfc062723c751e8b465ee728b)
Start importing Assets/Materials/Grass.mat using Guid(0e0bb72ca40607e4c8c09cbc92afd37f) Importer(815301076,1909f56bfc062723c751e8b465ee728b)  -> (artifact id: 'ec09b9295e38a76877d28c86ce0457e4') in 0.866972 seconds
Number of updated asset objects reloaded before import = 0
Number of asset objects unloaded after import = 3
========================================================================
Received Import Request.
  Time since last request: 296.046494 seconds.
  path: Assets/Models/NatureModels/Bush1.fbx
  artifactKey: Guid(74bdae4a1f8cf6a4684f901f3fa48ae9) Importer(2089858483,0ecaa5967403d082aa24f35e1b516d23)
Start importing Assets/Models/NatureModels/Bush1.fbx using Guid(74bdae4a1f8cf6a4684f901f3fa48ae9) Importer(2089858483,0ecaa5967403d082aa24f35e1b516d23) Generated GUIDs only implemented for interfaces!
 -> (artifact id: '2a6aa0c3f7d57d4cb0e9fa8e9d069e2a') in 0.221163 seconds
Number of updated asset objects reloaded before import = 0
Number of asset objects unloaded after import = 11
========================================================================
Received Import Request.
  Time since last request: 0.000043 seconds.
  path: Assets/Models/StreetModels/TrafficLight.fbx
  artifactKey: Guid(50ea2a03e1175944eb3e8768dc7f5d35) Importer(2089858483,0ecaa5967403d082aa24f35e1b516d23)
Start importing Assets/Models/StreetModels/TrafficLight.fbx using Guid(50ea2a03e1175944eb3e8768dc7f5d35) Importer(2089858483,0ecaa5967403d082aa24f35e1b516d23) Generated GUIDs only implemented for interfaces!
 -> (artifact id: 'de2ee5ec4f79bb50991375b95645b638') in 0.044659 seconds
Number of updated asset objects reloaded before import = 0
Number of asset objects unloaded after import = 12
========================================================================
Received Import Request.
  Time since last request: 0.000031 seconds.
  path: Assets/Models/StreetModels/Sign_Stop.fbx
  artifactKey: Guid(e850e781f0a0b114a873a0effacbfd07) Importer(2089858483,0ecaa5967403d082aa24f35e1b516d23)
Start importing Assets/Models/StreetModels/Sign_Stop.fbx using Guid(e850e781f0a0b114a873a0effacbfd07) Importer(2089858483,0ecaa5967403d082aa24f35e1b516d23) Generated GUIDs only implemented for interfaces!
 -> (artifact id: '012c984bc46a0ecbf8b3175ea72b8302') in 0.022923 seconds
Number of updated asset objects reloaded before import = 0
Number of asset objects unloaded after import = 10
========================================================================
Received Import Request.
  Time since last request: 0.000025 seconds.
  path: Assets/Models/PeopleModels/Male_Casual.fbx
  artifactKey: Guid(6f7ded6cb46140344b0cb6633e3bc59d) Importer(2089858483,0ecaa5967403d082aa24f35e1b516d23)
Start importing Assets/Models/PeopleModels/Male_Casual.fbx using Guid(6f7ded6cb46140344b0cb6633e3bc59d) Importer(2089858483,0ecaa5967403d082aa24f35e1b516d23) Generated GUIDs only implemented for interfaces!
 -> (artifact id: '9de05bd8edeb90d78edf55489044ece2') in 0.095563 seconds
Number of updated asset objects reloaded before import = 0
Number of asset objects unloaded after import = 111
========================================================================
Received Import Request.
  Time since last request: 0.000041 seconds.
  path: Assets/Models/StreetModels/Streetlight_Triple.fbx
  artifactKey: Guid(40804629b0985a8458ea9e218a211a58) Importer(2089858483,0ecaa5967403d082aa24f35e1b516d23)
Start importing Assets/Models/StreetModels/Streetlight_Triple.fbx using Guid(40804629b0985a8458ea9e218a211a58) Importer(2089858483,0ecaa5967403d082aa24f35e1b516d23) Generated GUIDs only implemented for interfaces!
 -> (artifact id: 'bdf851d5487e771b2cb89dad4da00f96') in 0.028799 seconds
Number of updated asset objects reloaded before import = 0
Number of asset objects unloaded after import = 10
========================================================================
Received Import Request.
  Time since last request: 0.000025 seconds.
  path: Assets/Models/CarModels/SportsCar2.fbx
  artifactKey: Guid(46faa621acf12844cbda3a0edd212128) Importer(2089858483,0ecaa5967403d082aa24f35e1b516d23)
Start importing Assets/Models/CarModels/SportsCar2.fbx using Guid(46faa621acf12844cbda3a0edd212128) Importer(2089858483,0ecaa5967403d082aa24f35e1b516d23) Generated GUIDs only implemented for interfaces!
 -> (artifact id: 'a5033bffb12551c39c14dc573fc60895') in 0.046338 seconds
Number of updated asset objects reloaded before import = 0
Number of asset objects unloaded after import = 30
========================================================================
Received Import Request.
  Time since last request: 0.000032 seconds.
  path: Assets/Models/PeopleModels/Female_Casual.fbx
  artifactKey: Guid(ce1dea1dad2b53b449dcbbcc21e1b639) Importer(2089858483,0ecaa5967403d082aa24f35e1b516d23)
Start importing Assets/Models/PeopleModels/Female_Casual.fbx using Guid(ce1dea1dad2b53b449dcbbcc21e1b639) Importer(2089858483,0ecaa5967403d082aa24f35e1b516d23) Generated GUIDs only implemented for interfaces!
 -> (artifact id: '861e567a7a677f8eb467cc1e89421fd8') in 0.104848 seconds
Number of updated asset objects reloaded before import = 0
Number of asset objects unloaded after import = 113
========================================================================
Received Import Request.
  Time since last request: 0.000053 seconds.
  path: Assets/Models/NatureModels/Grass3.fbx
  artifactKey: Guid(5340c4e8282583241b001907b7dcf305) Importer(2089858483,0ecaa5967403d082aa24f35e1b516d23)
Start importing Assets/Models/NatureModels/Grass3.fbx using Guid(5340c4e8282583241b001907b7dcf305) Importer(2089858483,0ecaa5967403d082aa24f35e1b516d23) Generated GUIDs only implemented for interfaces!
 -> (artifact id: '4ea656d62431d0992d94f664c7a89803') in 0.022468 seconds
Number of updated asset objects reloaded before import = 0
Number of asset objects unloaded after import = 13
========================================================================
Received Import Request.
  Time since last request: 0.000031 seconds.
  path: Assets/Models/StreetModels/TrafficLight_2.fbx
  artifactKey: Guid(6eff2536b05601549bad374c41dd7891) Importer(2089858483,0ecaa5967403d082aa24f35e1b516d23)
Start importing Assets/Models/StreetModels/TrafficLight_2.fbx using Guid(6eff2536b05601549bad374c41dd7891) Importer(2089858483,0ecaa5967403d082aa24f35e1b516d23) Generated GUIDs only implemented for interfaces!
 -> (artifact id: '9614c33dbecfd8c670961de10b618ba0') in 0.042204 seconds
Number of updated asset objects reloaded before import = 0
Number of asset objects unloaded after import = 12
========================================================================
Received Import Request.
  Time since last request: 0.000029 seconds.
  path: Assets/Models/StructureModels/House.fbx
  artifactKey: Guid(070da169a9d4e0f4a9adb179ed137cc1) Importer(2089858483,0ecaa5967403d082aa24f35e1b516d23)
Start importing Assets/Models/StructureModels/House.fbx using Guid(070da169a9d4e0f4a9adb179ed137cc1) Importer(2089858483,0ecaa5967403d082aa24f35e1b516d23) Generated GUIDs only implemented for interfaces!
 -> (artifact id: 'f00e0f0bd5f7b131a330356490e05eb0') in 0.021557 seconds
Number of updated asset objects reloaded before import = 0
Number of asset objects unloaded after import = 7
========================================================================
Received Import Request.
  Time since last request: 0.000021 seconds.
  path: Assets/Models/StreetModels
  artifactKey: Guid(9fdf3b044524414439bcd94b0cea1b3a) Importer(2089858483,0ecaa5967403d082aa24f35e1b516d23)
Start importing Assets/Models/StreetModels using Guid(9fdf3b044524414439bcd94b0cea1b3a) Importer(2089858483,0ecaa5967403d082aa24f35e1b516d23) Generated GUIDs only implemented for interfaces!
 -> (artifact id: '8c9712099e94cbfd09dae667be036b6b') in 0.014098 seconds
Number of updated asset objects reloaded before import = 0
Number of asset objects unloaded after import = 1
========================================================================
Received Import Request.
  Time since last request: 0.000044 seconds.
  path: Assets/Models
  artifactKey: Guid(9ae35bf06976e794daf67f39f62f2126) Importer(2089858483,0ecaa5967403d082aa24f35e1b516d23)
Start importing Assets/Models using Guid(9ae35bf06976e794daf67f39f62f2126) Importer(2089858483,0ecaa5967403d082aa24f35e1b516d23) Generated GUIDs only implemented for interfaces!
 -> (artifact id: '601057c2bb7c9d8d2b7fc4d124a1fcb7') in 0.013373 seconds
Number of updated asset objects reloaded before import = 0
Number of asset objects unloaded after import = 1
========================================================================
Received Import Request.
  Time since last request: 0.000034 seconds.
  path: Assets/Models/StructureModels/House5.fbx
  artifactKey: Guid(56b70a5b976f18043abdd429b490177b) Importer(2089858483,0ecaa5967403d082aa24f35e1b516d23)
Start importing Assets/Models/StructureModels/House5.fbx using Guid(56b70a5b976f18043abdd429b490177b) Importer(2089858483,0ecaa5967403d082aa24f35e1b516d23) Generated GUIDs only implemented for interfaces!
 -> (artifact id: 'bc60446cf867229b650bb6739a45322f') in 0.021379 seconds
Number of updated asset objects reloaded before import = 0
Number of asset objects unloaded after import = 7
========================================================================
Received Import Request.
  Time since last request: 0.000026 seconds.
  path: Assets/Models/NatureModels/Tree4.fbx
  artifactKey: Guid(2f0fb121fb08aac41868c17043339e94) Importer(2089858483,0ecaa5967403d082aa24f35e1b516d23)
Start importing Assets/Models/NatureModels/Tree4.fbx using Guid(2f0fb121fb08aac41868c17043339e94) Importer(2089858483,0ecaa5967403d082aa24f35e1b516d23) Generated GUIDs only implemented for interfaces!
 -> (artifact id: '09ea17dbaaca69e96137111a2b461d9a') in 0.031024 seconds
Number of updated asset objects reloaded before import = 0
Number of asset objects unloaded after import = 15
========================================================================
Received Import Request.
  Time since last request: 0.000026 seconds.
  path: Assets/Models/StructureModels/House4.fbx
  artifactKey: Guid(937264fee3f822a4c9ab3b7616c695ae) Importer(2089858483,0ecaa5967403d082aa24f35e1b516d23)
Start importing Assets/Models/StructureModels/House4.fbx using Guid(937264fee3f822a4c9ab3b7616c695ae) Importer(2089858483,0ecaa5967403d082aa24f35e1b516d23) Generated GUIDs only implemented for interfaces!
 -> (artifact id: '37f9fe8809b177be559d8c23df15ebec') in 0.024624 seconds
Number of updated asset objects reloaded before import = 0
Number of asset objects unloaded after import = 7
========================================================================
Received Import Request.
  Time since last request: 0.000041 seconds.
  path: Assets/Models/NatureModels/Bush2.fbx
  artifactKey: Guid(364ca36616a3d5a41a490a0dc770cb99) Importer(2089858483,0ecaa5967403d082aa24f35e1b516d23)
Start importing Assets/Models/NatureModels/Bush2.fbx using Guid(364ca36616a3d5a41a490a0dc770cb99) Importer(2089858483,0ecaa5967403d082aa24f35e1b516d23) Generated GUIDs only implemented for interfaces!
 -> (artifact id: '44ea5a4aa68f826e5a099f5b7aaf926f') in 0.020477 seconds
Number of updated asset objects reloaded before import = 0
Number of asset objects unloaded after import = 13
========================================================================
Received Import Request.
  Time since last request: 0.000025 seconds.
  path: Assets/Models/StreetModels/Street_3Way_2.fbx
  artifactKey: Guid(4988bad3b0d67564da227b5e5a39ae2a) Importer(2089858483,0ecaa5967403d082aa24f35e1b516d23)
Start importing Assets/Models/StreetModels/Street_3Way_2.fbx using Guid(4988bad3b0d67564da227b5e5a39ae2a) Importer(2089858483,0ecaa5967403d082aa24f35e1b516d23) Generated GUIDs only implemented for interfaces!
 -> (artifact id: '0ef8590110dec44f430b5b0cfaec98c2') in 0.036685 seconds
Number of updated asset objects reloaded before import = 0
Number of asset objects unloaded after import = 10
========================================================================
Received Import Request.
  Time since last request: 0.000025 seconds.
  path: Assets/Models/StructureModels/Hospital.fbx
  artifactKey: Guid(1e0b6b7857ee3a542891505a3d1d1af5) Importer(2089858483,0ecaa5967403d082aa24f35e1b516d23)
Start importing Assets/Models/StructureModels/Hospital.fbx using Guid(1e0b6b7857ee3a542891505a3d1d1af5) Importer(2089858483,0ecaa5967403d082aa24f35e1b516d23) Generated GUIDs only implemented for interfaces!
 -> (artifact id: 'cd162e51980f67fb523498f9528e27f5') in 0.019614 seconds
Number of updated asset objects reloaded before import = 0
Number of asset objects unloaded after import = 7
========================================================================
Received Import Request.
  Time since last request: 0.000025 seconds.
  path: Assets/Models/CarModels/Cop.fbx
  artifactKey: Guid(867550d0a3abf3441a00a01e8f8ecbc6) Importer(2089858483,0ecaa5967403d082aa24f35e1b516d23)
Start importing Assets/Models/CarModels/Cop.fbx using Guid(867550d0a3abf3441a00a01e8f8ecbc6) Importer(2089858483,0ecaa5967403d082aa24f35e1b516d23) Generated GUIDs only implemented for interfaces!
 -> (artifact id: '1cd37478e40d3b2e2e3af3d545247965') in 0.045811 seconds
Number of updated asset objects reloaded before import = 0
Number of asset objects unloaded after import = 32
========================================================================
Received Import Request.
  Time since last request: 0.000039 seconds.
  path: Assets/Models/StructureModels/Bank.fbx
  artifactKey: Guid(8c2eb00eb6f0a5c4991ee146ce7e2b69) Importer(2089858483,0ecaa5967403d082aa24f35e1b516d23)
Start importing Assets/Models/StructureModels/Bank.fbx using Guid(8c2eb00eb6f0a5c4991ee146ce7e2b69) Importer(2089858483,0ecaa5967403d082aa24f35e1b516d23) Generated GUIDs only implemented for interfaces!
 -> (artifact id: '36e9f3f250ed907d2248214dba7fe5b4') in 0.033554 seconds
Number of updated asset objects reloaded before import = 0
Number of asset objects unloaded after import = 7
========================================================================
Received Import Request.
  Time since last request: 0.000032 seconds.
  path: Assets/Models/StructureModels/Flat.fbx
  artifactKey: Guid(944358da184bb0d45981029d93ca3dbb) Importer(2089858483,0ecaa5967403d082aa24f35e1b516d23)
Start importing Assets/Models/StructureModels/Flat.fbx using Guid(944358da184bb0d45981029d93ca3dbb) Importer(2089858483,0ecaa5967403d082aa24f35e1b516d23) Generated GUIDs only implemented for interfaces!
 -> (artifact id: 'ade44efbdce97050db1dae3fd69d5c9a') in 0.023471 seconds
Number of updated asset objects reloaded before import = 0
Number of asset objects unloaded after import = 7
========================================================================
Received Import Request.
  Time since last request: 0.001460 seconds.
  path: Assets/Models/StructureModels
  artifactKey: Guid(572d6165e56dfee45a640f5aa42a24fe) Importer(2089858483,0ecaa5967403d082aa24f35e1b516d23)
Start importing Assets/Models/StructureModels using Guid(572d6165e56dfee45a640f5aa42a24fe) Importer(2089858483,0ecaa5967403d082aa24f35e1b516d23) Generated GUIDs only implemented for interfaces!
 -> (artifact id: '6049397dc68b30adc17147f0e5b576a6') in 0.016720 seconds
Number of updated asset objects reloaded before import = 0
Number of asset objects unloaded after import = 1
========================================================================
Received Import Request.
  Time since last request: 0.000037 seconds.
  path: Assets/Models/NatureModels/Rock3.fbx
  artifactKey: Guid(23ed5b0989f815e4a85d699effba2f72) Importer(2089858483,0ecaa5967403d082aa24f35e1b516d23)
Start importing Assets/Models/NatureModels/Rock3.fbx using Guid(23ed5b0989f815e4a85d699effba2f72) Importer(2089858483,0ecaa5967403d082aa24f35e1b516d23) Generated GUIDs only implemented for interfaces!
 -> (artifact id: '76af27483a44a667cd5deed9192391fc') in 0.022006 seconds
Number of updated asset objects reloaded before import = 0
Number of asset objects unloaded after import = 13
========================================================================
Received Import Request.
  Time since last request: 0.000033 seconds.
  path: Assets/Models/StreetModels/Streetlight_Single.fbx
  artifactKey: Guid(8b67ce3f4445f1c45953a5109eadec22) Importer(2089858483,0ecaa5967403d082aa24f35e1b516d23)
Start importing Assets/Models/StreetModels/Streetlight_Single.fbx using Guid(8b67ce3f4445f1c45953a5109eadec22) Importer(2089858483,0ecaa5967403d082aa24f35e1b516d23) Generated GUIDs only implemented for interfaces!
 -> (artifact id: '2b57ca57a00a1071d36345c187c014aa') in 0.045322 seconds
Number of updated asset objects reloaded before import = 0
Number of asset objects unloaded after import = 10
========================================================================
Received Import Request.
  Time since last request: 0.000026 seconds.
  path: Assets/Models/StreetModels/Street_3Way.fbx
  artifactKey: Guid(71509b4ba72e40949aea1bc08e70b222) Importer(2089858483,0ecaa5967403d082aa24f35e1b516d23)
Start importing Assets/Models/StreetModels/Street_3Way.fbx using Guid(71509b4ba72e40949aea1bc08e70b222) Importer(2089858483,0ecaa5967403d082aa24f35e1b516d23) Generated GUIDs only implemented for interfaces!
 -> (artifact id: 'c5af3600b9a5ed6d691c43154104c0f9') in 0.027871 seconds
Number of updated asset objects reloaded before import = 0
Number of asset objects unloaded after import = 10
========================================================================
Received Import Request.
  Time since last request: 0.000030 seconds.
  path: Assets/Models/StreetModels/Street_Bridge_Water.fbx
  artifactKey: Guid(79e3c3f61e4005d44a4ba7689b0a909a) Importer(2089858483,0ecaa5967403d082aa24f35e1b516d23)
Start importing Assets/Models/StreetModels/Street_Bridge_Water.fbx using Guid(79e3c3f61e4005d44a4ba7689b0a909a) Importer(2089858483,0ecaa5967403d082aa24f35e1b516d23) Generated GUIDs only implemented for interfaces!
 -> (artifact id: 'e350b19c2841e255f9e47507ec877b08') in 0.038612 seconds
Number of updated asset objects reloaded before import = 0
Number of asset objects unloaded after import = 12
========================================================================
Received Import Request.
  Time since last request: 0.000022 seconds.
  path: Assets/Models/StreetModels/Sign_NoParking.fbx
  artifactKey: Guid(7b8073e4fa911324b9ab7bc109e14355) Importer(2089858483,0ecaa5967403d082aa24f35e1b516d23)
Start importing Assets/Models/StreetModels/Sign_NoParking.fbx using Guid(7b8073e4fa911324b9ab7bc109e14355) Importer(2089858483,0ecaa5967403d082aa24f35e1b516d23) Generated GUIDs only implemented for interfaces!
 -> (artifact id: '41cc42490e65c262ba2a95d97497d3b5') in 0.039470 seconds
Number of updated asset objects reloaded before import = 0
Number of asset objects unloaded after import = 11
========================================================================
Received Import Request.
  Time since last request: 0.000028 seconds.
  path: Assets/Models/StructureModels/House2.fbx
  artifactKey: Guid(8bf501b374bf64440af0944b91ecd08a) Importer(2089858483,0ecaa5967403d082aa24f35e1b516d23)
Start importing Assets/Models/StructureModels/House2.fbx using Guid(8bf501b374bf64440af0944b91ecd08a) Importer(2089858483,0ecaa5967403d082aa24f35e1b516d23) Generated GUIDs only implemented for interfaces!
 -> (artifact id: '9d9b9ba4fcb25348c069d5b9673a3785') in 0.023322 seconds
Number of updated asset objects reloaded before import = 0
Number of asset objects unloaded after import = 7
========================================================================
Received Import Request.
  Time since last request: 0.000038 seconds.
  path: Assets/Models/NatureModels/Tree2.fbx
  artifactKey: Guid(502bd60e723a3c54dafdd3d4450147f1) Importer(2089858483,0ecaa5967403d082aa24f35e1b516d23)
Start importing Assets/Models/NatureModels/Tree2.fbx using Guid(502bd60e723a3c54dafdd3d4450147f1) Importer(2089858483,0ecaa5967403d082aa24f35e1b516d23) Generated GUIDs only implemented for interfaces!
 -> (artifact id: 'df3e62bb37bc1cf610b654fbf3b4ab3b') in 0.021948 seconds
Number of updated asset objects reloaded before import = 0
Number of asset objects unloaded after import = 13
========================================================================
Received Import Request.
  Time since last request: 0.000041 seconds.
  path: Assets/Models/NatureModels/Rock2.fbx
  artifactKey: Guid(61b5e5284a4d44d4e8fe9b9a502614f9) Importer(2089858483,0ecaa5967403d082aa24f35e1b516d23)
Start importing Assets/Models/NatureModels/Rock2.fbx using Guid(61b5e5284a4d44d4e8fe9b9a502614f9) Importer(2089858483,0ecaa5967403d082aa24f35e1b516d23) Generated GUIDs only implemented for interfaces!
 -> (artifact id: 'acba1aa69a25aee2067e1ccca201f7b2') in 0.033974 seconds
Number of updated asset objects reloaded before import = 0
Number of asset objects unloaded after import = 13
========================================================================
Received Import Request.
  Time since last request: 6.149282 seconds.
  path: Assets/Prefabs/Props/Rock1.prefab
  artifactKey: Guid(22e716ef34672e9429129cbfd0853e95) Importer(2089858483,0ecaa5967403d082aa24f35e1b516d23)
Start importing Assets/Prefabs/Props/Rock1.prefab using Guid(22e716ef34672e9429129cbfd0853e95) Importer(2089858483,0ecaa5967403d082aa24f35e1b516d23) Generated GUIDs only implemented for interfaces!
 -> (artifact id: 'fabf63991f22d698b36c504a22045c2e') in 0.013970 seconds
Number of updated asset objects reloaded before import = 0
Number of asset objects unloaded after import = 16
========================================================================
Received Import Request.
  Time since last request: 0.000027 seconds.
  path: Assets/Prefabs/Cars/NormalCar1.prefab
  artifactKey: Guid(dcd528f3c0b2bf042babb9d110962ab7) Importer(2089858483,0ecaa5967403d082aa24f35e1b516d23)
Start importing Assets/Prefabs/Cars/NormalCar1.prefab using Guid(dcd528f3c0b2bf042babb9d110962ab7) Importer(2089858483,0ecaa5967403d082aa24f35e1b516d23) Generated GUIDs only implemented for interfaces!
 -> (artifact id: '188cbbefc046c826d5c56e522feeb084') in 0.067159 seconds
Number of updated asset objects reloaded before import = 0
Number of asset objects unloaded after import = 24
========================================================================
Received Import Request.
  Time since last request: 0.000053 seconds.
  path: Assets/Prefabs/Structures/MultiCellStructures/House5.prefab
  artifactKey: Guid(08bf96a139f4a7e4aaeda03d2c9f932e) Importer(2089858483,0ecaa5967403d082aa24f35e1b516d23)
Start importing Assets/Prefabs/Structures/MultiCellStructures/House5.prefab using Guid(08bf96a139f4a7e4aaeda03d2c9f932e) Importer(2089858483,0ecaa5967403d082aa24f35e1b516d23) Generated GUIDs only implemented for interfaces!
 -> (artifact id: '867708754f1324fe9b636ca37b13b3c0') in 0.015020 seconds
Number of updated asset objects reloaded before import = 0
Number of asset objects unloaded after import = 15
========================================================================
Received Import Request.
  Time since last request: 0.000027 seconds.
  path: Assets/Prefabs/Props/Rock3.prefab
  artifactKey: Guid(cfa659a61039840438021d3380477cd7) Importer(2089858483,0ecaa5967403d082aa24f35e1b516d23)
Start importing Assets/Prefabs/Props/Rock3.prefab using Guid(cfa659a61039840438021d3380477cd7) Importer(2089858483,0ecaa5967403d082aa24f35e1b516d23) Generated GUIDs only implemented for interfaces!
 -> (artifact id: '9f226acb4fe4c1d946ee7a0da48ad485') in 0.012404 seconds
Number of updated asset objects reloaded before import = 0
Number of asset objects unloaded after import = 16
========================================================================
Received Import Request.
  Time since last request: 0.000039 seconds.
  path: Assets/Prefabs/People/Male_Suit.prefab
  artifactKey: Guid(6415100e42056474fb95481c5c3046f3) Importer(2089858483,0ecaa5967403d082aa24f35e1b516d23)
Start importing Assets/Prefabs/People/Male_Suit.prefab using Guid(6415100e42056474fb95481c5c3046f3) Importer(2089858483,0ecaa5967403d082aa24f35e1b516d23) Generated GUIDs only implemented for interfaces!
 -> (artifact id: 'ecfc82048f740647ddc8a3dfeab2dabd') in 0.020002 seconds
Number of updated asset objects reloaded before import = 0
Number of asset objects unloaded after import = 97
========================================================================
Received Import Request.
  Time since last request: 0.000029 seconds.
  path: Assets/Prefabs/Props
  artifactKey: Guid(c05ab23c7e77abb42b047f1aa5a84906) Importer(2089858483,0ecaa5967403d082aa24f35e1b516d23)
Start importing Assets/Prefabs/Props using Guid(c05ab23c7e77abb42b047f1aa5a84906) Importer(2089858483,0ecaa5967403d082aa24f35e1b516d23) Generated GUIDs only implemented for interfaces!
 -> (artifact id: '7380a994b4c4d85dd9671ba120f5b163') in 0.011958 seconds
Number of updated asset objects reloaded before import = 0
Number of asset objects unloaded after import = 1
========================================================================
Received Import Request.
  Time since last request: 0.000028 seconds.
  path: Assets/Prefabs/Structures/Flat2.prefab
  artifactKey: Guid(3527735cc30c8554aadd1222f91bf61f) Importer(2089858483,0ecaa5967403d082aa24f35e1b516d23)
Start importing Assets/Prefabs/Structures/Flat2.prefab using Guid(3527735cc30c8554aadd1222f91bf61f) Importer(2089858483,0ecaa5967403d082aa24f35e1b516d23) Generated GUIDs only implemented for interfaces!
 -> (artifact id: 'eea5876f71b0929ed7773db5bcad754a') in 0.022166 seconds
Number of updated asset objects reloaded before import = 0
Number of asset objects unloaded after import = 15
========================================================================
Received Import Request.
  Time since last request: 0.000055 seconds.
  path: Assets/Prefabs/Structures/House3.prefab
  artifactKey: Guid(4617fd335db984f4bb34f5eb561fd82b) Importer(2089858483,0ecaa5967403d082aa24f35e1b516d23)
Start importing Assets/Prefabs/Structures/House3.prefab using Guid(4617fd335db984f4bb34f5eb561fd82b) Importer(2089858483,0ecaa5967403d082aa24f35e1b516d23) Generated GUIDs only implemented for interfaces!
 -> (artifact id: 'efe4b84593d102456ff5bf490b02d567') in 0.020848 seconds
Number of updated asset objects reloaded before import = 0
Number of asset objects unloaded after import = 15
========================================================================
Received Import Request.
  Time since last request: 0.000060 seconds.
  path: Assets/Prefabs/Props/Tree3.prefab
  artifactKey: Guid(c8c46a24f1192964a9c4a213493c1c7b) Importer(2089858483,0ecaa5967403d082aa24f35e1b516d23)
Start importing Assets/Prefabs/Props/Tree3.prefab using Guid(c8c46a24f1192964a9c4a213493c1c7b) Importer(2089858483,0ecaa5967403d082aa24f35e1b516d23) Generated GUIDs only implemented for interfaces!
 -> (artifact id: '8da477f7bce7fb849bd07adcdd2a3feb') in 0.015929 seconds
Number of updated asset objects reloaded before import = 0
Number of asset objects unloaded after import = 16
========================================================================
Received Import Request.
  Time since last request: 0.000023 seconds.
  path: Assets/Prefabs/Props/Grass2.prefab
  artifactKey: Guid(b251aac2e265df74f91db1dee1baee73) Importer(2089858483,0ecaa5967403d082aa24f35e1b516d23)
Start importing Assets/Prefabs/Props/Grass2.prefab using Guid(b251aac2e265df74f91db1dee1baee73) Importer(2089858483,0ecaa5967403d082aa24f35e1b516d23) Generated GUIDs only implemented for interfaces!
 -> (artifact id: '750e73718e3aef9ff5fc10bc99279208') in 0.016841 seconds
Number of updated asset objects reloaded before import = 0
Number of asset objects unloaded after import = 16
========================================================================
Received Import Request.
  Time since last request: 0.000024 seconds.
  path: Assets/Prefabs/Structures/MultiCellStructures/Hospital.prefab
  artifactKey: Guid(b23d8607810fd19468a49ab4b829a8ce) Importer(2089858483,0ecaa5967403d082aa24f35e1b516d23)
Start importing Assets/Prefabs/Structures/MultiCellStructures/Hospital.prefab using Guid(b23d8607810fd19468a49ab4b829a8ce) Importer(2089858483,0ecaa5967403d082aa24f35e1b516d23) Generated GUIDs only implemented for interfaces!
 -> (artifact id: '38437b72be1f94994bd3522cb9480661') in 0.018910 seconds
Number of updated asset objects reloaded before import = 0
Number of asset objects unloaded after import = 15
========================================================================
Received Import Request.
  Time since last request: 0.000039 seconds.
  path: Assets/Prefabs/Structures/Shop.prefab
  artifactKey: Guid(838f9b485bb510747a4b89e3cb91e1bd) Importer(2089858483,0ecaa5967403d082aa24f35e1b516d23)
Start importing Assets/Prefabs/Structures/Shop.prefab using Guid(838f9b485bb510747a4b89e3cb91e1bd) Importer(2089858483,0ecaa5967403d082aa24f35e1b516d23) Generated GUIDs only implemented for interfaces!
 -> (artifact id: '1d285c90ebf360ce7f629ac9bd0c4b5a') in 0.017077 seconds
Number of updated asset objects reloaded before import = 0
Number of asset objects unloaded after import = 15
========================================================================
Received Import Request.
  Time since last request: 0.000028 seconds.
  path: Assets/Prefabs/Structures/Flat1.prefab
  artifactKey: Guid(44c75b500bfebf84993deb17f38a98f6) Importer(2089858483,0ecaa5967403d082aa24f35e1b516d23)
Start importing Assets/Prefabs/Structures/Flat1.prefab using Guid(44c75b500bfebf84993deb17f38a98f6) Importer(2089858483,0ecaa5967403d082aa24f35e1b516d23) Generated GUIDs only implemented for interfaces!
 -> (artifact id: '5b7c5317fe6a2b3b551746e4b44905c4') in 0.015818 seconds
Number of updated asset objects reloaded before import = 0
Number of asset objects unloaded after import = 15
========================================================================
Received Import Request.
  Time since last request: 0.000024 seconds.
  path: Assets/Prefabs/Structures/Bank.prefab
  artifactKey: Guid(b4e018779a1b9aa44b2a988c6d8ddfda) Importer(2089858483,0ecaa5967403d082aa24f35e1b516d23)
Start importing Assets/Prefabs/Structures/Bank.prefab using Guid(b4e018779a1b9aa44b2a988c6d8ddfda) Importer(2089858483,0ecaa5967403d082aa24f35e1b516d23) Generated GUIDs only implemented for interfaces!
 -> (artifact id: '83ae3da7f453dbfd36622e77380390a4') in 0.016778 seconds
Number of updated asset objects reloaded before import = 0
Number of asset objects unloaded after import = 15
========================================================================
Received Import Request.
  Time since last request: 0.000026 seconds.
  path: Assets/Prefabs/Props/Rock2.prefab
  artifactKey: Guid(4a980b701bf56d344a17e0247a24ff8d) Importer(2089858483,0ecaa5967403d082aa24f35e1b516d23)
Start importing Assets/Prefabs/Props/Rock2.prefab using Guid(4a980b701bf56d344a17e0247a24ff8d) Importer(2089858483,0ecaa5967403d082aa24f35e1b516d23) Generated GUIDs only implemented for interfaces!
 -> (artifact id: '07b13328f4dc97edabe7a71f242011eb') in 0.014939 seconds
Number of updated asset objects reloaded before import = 0
Number of asset objects unloaded after import = 15
========================================================================
Received Import Request.
  Time since last request: 0.000023 seconds.
  path: Assets/Prefabs/Road/Street_4Way.prefab
  artifactKey: Guid(f4402828bce58b54791119f89fa2df61) Importer(2089858483,0ecaa5967403d082aa24f35e1b516d23)
Start importing Assets/Prefabs/Road/Street_4Way.prefab using Guid(f4402828bce58b54791119f89fa2df61) Importer(2089858483,0ecaa5967403d082aa24f35e1b516d23) Generated GUIDs only implemented for interfaces!
 -> (artifact id: 'e9306f5beba0a236cad815fe080cb015') in 0.014187 seconds
Number of updated asset objects reloaded before import = 0
Number of asset objects unloaded after import = 22
